<?xml version="1.0" encoding="UTF-8"?>
<robot generator="Robot 3.1.2 (Python 3.8.2 on win32)" generated="20200507 23:57:50.682" rpa="false">
<suite id="s1" name="Tests" source="C:\qaninja\ninjapixel\backend\tests">
<suite id="s1-s1" name="Auth" source="C:\qaninja\ninjapixel\backend\tests\auth">
<suite id="s1-s1-s1" name="Post Token" source="C:\qaninja\ninjapixel\backend\tests\auth\post_token.robot">
<test id="s1-s1-s1-t1" name="Request Token">
<kw name="Post Token" library="services">
<arguments>
<arg>${USER_AUTH}</arg>
<arg>${PASSWORD_AUTH}</arg>
</arguments>
<assign>
<var>${resp}</var>
</assign>
<kw name="Create Session" library="RequestsLibrary">
<doc>Create Session: create a HTTP session to a server</doc>
<arguments>
<arg>pixel</arg>
<arg>http://pixel-api:3333</arg>
</arguments>
<msg timestamp="20200507 23:57:50.928" level="INFO">Creating Session using : alias=pixel, url=http://pixel-api:3333, headers={},                     cookies={}, auth=None, timeout=None, proxies=None, verify=False,                     debug=0 </msg>
<status status="PASS" starttime="20200507 23:57:50.928" endtime="20200507 23:57:50.929"></status>
</kw>
<kw name="Create Dictionary" library="BuiltIn">
<doc>Creates and returns a dictionary based on the given ``items``.</doc>
<arguments>
<arg>email=${email}</arg>
<arg>password=${pass}</arg>
</arguments>
<assign>
<var>&amp;{payload}</var>
</assign>
<msg timestamp="20200507 23:57:50.930" level="INFO">&amp;{payload} = { email=fernanda@ninjapixel.com | password=pwd123 }</msg>
<status status="PASS" starttime="20200507 23:57:50.929" endtime="20200507 23:57:50.930"></status>
</kw>
<kw name="Create Dictionary" library="BuiltIn">
<doc>Creates and returns a dictionary based on the given ``items``.</doc>
<arguments>
<arg>Content-Type=application/json</arg>
</arguments>
<assign>
<var>&amp;{headers}</var>
</assign>
<msg timestamp="20200507 23:57:50.930" level="INFO">&amp;{headers} = { Content-Type=application/json }</msg>
<status status="PASS" starttime="20200507 23:57:50.930" endtime="20200507 23:57:50.930"></status>
</kw>
<kw name="Post Request" library="RequestsLibrary">
<doc>Send a POST request on the session object found using the
given `alias`</doc>
<arguments>
<arg>pixel</arg>
<arg>/auth</arg>
<arg>data=${payload}</arg>
<arg>headers=${headers}</arg>
</arguments>
<assign>
<var>${resp}</var>
</assign>
<msg timestamp="20200507 23:57:51.039" level="INFO">POST Request : url=http://pixel-api:3333/auth 
 path_url=/auth 
 headers={'User-Agent': 'python-requests/2.23.0', 'Accept-Encoding': 'gzip, deflate', 'Accept': '*/*', 'Connection': 'keep-alive', 'Content-Type': 'application/json', 'Content-Length': '58'} 
 body={"email": "fernanda@ninjapixel.com", "password": "pwd123"} 
 </msg>
<msg timestamp="20200507 23:57:51.039" level="INFO">POST Response : url=http://pixel-api:3333/auth 
 status=200, reason=OK 
 body={
    "token": "eyJ0eXAiOiJKV1QiLCJhbGciOiJIUzI1NiJ9.eyJpZCI6MSwiZXhwaXJlIjoiMjAyMC0wNS0wOFQwMzowMjo1MS4wMzUrMDA6MDAifQ.WAdJKuOMabdjw9whFOzdCjpyHYChCXOkmwET4pBQcPI",
    "expire": "2020-05-08T03:02:51.035+00:00",
    "userId": 1
} 
 </msg>
<msg timestamp="20200507 23:57:51.039" level="INFO">${resp} = &lt;Response [200]&gt;</msg>
<status status="PASS" starttime="20200507 23:57:50.930" endtime="20200507 23:57:51.039"></status>
</kw>
<msg timestamp="20200507 23:57:51.039" level="INFO">${resp} = &lt;Response [200]&gt;</msg>
<status status="PASS" starttime="20200507 23:57:50.927" endtime="20200507 23:57:51.039"></status>
</kw>
<kw name="Status Should Be" library="RequestsLibrary">
<doc>Fails if response status code is different than the expected.</doc>
<arguments>
<arg>200</arg>
<arg>${resp}</arg>
</arguments>
<status status="PASS" starttime="20200507 23:57:51.040" endtime="20200507 23:57:51.041"></status>
</kw>
<status status="PASS" starttime="20200507 23:57:50.927" endtime="20200507 23:57:51.042" critical="yes"></status>
</test>
<test id="s1-s1-s1-t2" name="Incorrect password">
<kw name="Post Token" library="services">
<arguments>
<arg>${USER_AUTH}</arg>
<arg>acb123</arg>
</arguments>
<assign>
<var>${resp}</var>
</assign>
<kw name="Create Session" library="RequestsLibrary">
<doc>Create Session: create a HTTP session to a server</doc>
<arguments>
<arg>pixel</arg>
<arg>http://pixel-api:3333</arg>
</arguments>
<msg timestamp="20200507 23:57:51.044" level="INFO">Creating Session using : alias=pixel, url=http://pixel-api:3333, headers={},                     cookies={}, auth=None, timeout=None, proxies=None, verify=False,                     debug=0 </msg>
<status status="PASS" starttime="20200507 23:57:51.044" endtime="20200507 23:57:51.044"></status>
</kw>
<kw name="Create Dictionary" library="BuiltIn">
<doc>Creates and returns a dictionary based on the given ``items``.</doc>
<arguments>
<arg>email=${email}</arg>
<arg>password=${pass}</arg>
</arguments>
<assign>
<var>&amp;{payload}</var>
</assign>
<msg timestamp="20200507 23:57:51.045" level="INFO">&amp;{payload} = { email=fernanda@ninjapixel.com | password=acb123 }</msg>
<status status="PASS" starttime="20200507 23:57:51.045" endtime="20200507 23:57:51.045"></status>
</kw>
<kw name="Create Dictionary" library="BuiltIn">
<doc>Creates and returns a dictionary based on the given ``items``.</doc>
<arguments>
<arg>Content-Type=application/json</arg>
</arguments>
<assign>
<var>&amp;{headers}</var>
</assign>
<msg timestamp="20200507 23:57:51.046" level="INFO">&amp;{headers} = { Content-Type=application/json }</msg>
<status status="PASS" starttime="20200507 23:57:51.045" endtime="20200507 23:57:51.046"></status>
</kw>
<kw name="Post Request" library="RequestsLibrary">
<doc>Send a POST request on the session object found using the
given `alias`</doc>
<arguments>
<arg>pixel</arg>
<arg>/auth</arg>
<arg>data=${payload}</arg>
<arg>headers=${headers}</arg>
</arguments>
<assign>
<var>${resp}</var>
</assign>
<msg timestamp="20200507 23:57:51.140" level="INFO">POST Request : url=http://pixel-api:3333/auth 
 path_url=/auth 
 headers={'User-Agent': 'python-requests/2.23.0', 'Accept-Encoding': 'gzip, deflate', 'Accept': '*/*', 'Connection': 'keep-alive', 'Content-Type': 'application/json', 'Content-Length': '58'} 
 body={"email": "fernanda@ninjapixel.com", "password": "acb123"} 
 </msg>
<msg timestamp="20200507 23:57:51.140" level="INFO">POST Response : url=http://pixel-api:3333/auth 
 status=401, reason=Unauthorized 
 body=Unauthorized 
 </msg>
<msg timestamp="20200507 23:57:51.141" level="INFO">${resp} = &lt;Response [401]&gt;</msg>
<status status="PASS" starttime="20200507 23:57:51.046" endtime="20200507 23:57:51.141"></status>
</kw>
<msg timestamp="20200507 23:57:51.141" level="INFO">${resp} = &lt;Response [401]&gt;</msg>
<status status="PASS" starttime="20200507 23:57:51.043" endtime="20200507 23:57:51.141"></status>
</kw>
<kw name="Status Should Be" library="RequestsLibrary">
<doc>Fails if response status code is different than the expected.</doc>
<arguments>
<arg>401</arg>
<arg>${resp}</arg>
</arguments>
<status status="PASS" starttime="20200507 23:57:51.142" endtime="20200507 23:57:51.142"></status>
</kw>
<status status="PASS" starttime="20200507 23:57:51.043" endtime="20200507 23:57:51.143" critical="yes"></status>
</test>
<doc>Testes da Rota /auth da Pixel Api</doc>
<status status="PASS" starttime="20200507 23:57:50.721" endtime="20200507 23:57:51.144"></status>
</suite>
<status status="PASS" starttime="20200507 23:57:50.719" endtime="20200507 23:57:51.147"></status>
</suite>
<suite id="s1-s2" name="Products" source="C:\qaninja\ninjapixel\backend\tests\products">
<suite id="s1-s2-s1" name="Delete Product" source="C:\qaninja\ninjapixel\backend\tests\products\delete_product.robot">
<test id="s1-s2-s1-t1" name="Delete Product">
<tags>
<tag>success</tag>
</tags>
<status status="FAIL" starttime="20200507 23:57:51.158" endtime="20200507 23:57:51.159" critical="yes">Test case contains no keywords.</status>
</test>
<doc>Pixel Api DELETE /products</doc>
<status status="FAIL" starttime="20200507 23:57:51.151" endtime="20200507 23:57:51.160"></status>
</suite>
<suite id="s1-s2-s2" name="Get Product" source="C:\qaninja\ninjapixel\backend\tests\products\get_product.robot">
<test id="s1-s2-s2-t1" name="Get Unique Product">
<kw name="Get Auth Token" library="services">
<arguments>
<arg>${USER_AUTH}</arg>
<arg>${PASSWORD_AUTH}</arg>
</arguments>
<assign>
<var>${token}</var>
</assign>
<kw name="Post Token" library="services">
<arguments>
<arg>${email}</arg>
<arg>${pass}</arg>
</arguments>
<assign>
<var>${resp}</var>
</assign>
<kw name="Create Session" library="RequestsLibrary">
<doc>Create Session: create a HTTP session to a server</doc>
<arguments>
<arg>pixel</arg>
<arg>http://pixel-api:3333</arg>
</arguments>
<msg timestamp="20200507 23:57:51.174" level="INFO">Creating Session using : alias=pixel, url=http://pixel-api:3333, headers={},                     cookies={}, auth=None, timeout=None, proxies=None, verify=False,                     debug=0 </msg>
<status status="PASS" starttime="20200507 23:57:51.174" endtime="20200507 23:57:51.175"></status>
</kw>
<kw name="Create Dictionary" library="BuiltIn">
<doc>Creates and returns a dictionary based on the given ``items``.</doc>
<arguments>
<arg>email=${email}</arg>
<arg>password=${pass}</arg>
</arguments>
<assign>
<var>&amp;{payload}</var>
</assign>
<msg timestamp="20200507 23:57:51.175" level="INFO">&amp;{payload} = { email=fernanda@ninjapixel.com | password=pwd123 }</msg>
<status status="PASS" starttime="20200507 23:57:51.175" endtime="20200507 23:57:51.176"></status>
</kw>
<kw name="Create Dictionary" library="BuiltIn">
<doc>Creates and returns a dictionary based on the given ``items``.</doc>
<arguments>
<arg>Content-Type=application/json</arg>
</arguments>
<assign>
<var>&amp;{headers}</var>
</assign>
<msg timestamp="20200507 23:57:51.176" level="INFO">&amp;{headers} = { Content-Type=application/json }</msg>
<status status="PASS" starttime="20200507 23:57:51.176" endtime="20200507 23:57:51.176"></status>
</kw>
<kw name="Post Request" library="RequestsLibrary">
<doc>Send a POST request on the session object found using the
given `alias`</doc>
<arguments>
<arg>pixel</arg>
<arg>/auth</arg>
<arg>data=${payload}</arg>
<arg>headers=${headers}</arg>
</arguments>
<assign>
<var>${resp}</var>
</assign>
<msg timestamp="20200507 23:57:51.269" level="INFO">POST Request : url=http://pixel-api:3333/auth 
 path_url=/auth 
 headers={'User-Agent': 'python-requests/2.23.0', 'Accept-Encoding': 'gzip, deflate', 'Accept': '*/*', 'Connection': 'keep-alive', 'Content-Type': 'application/json', 'Content-Length': '58'} 
 body={"email": "fernanda@ninjapixel.com", "password": "pwd123"} 
 </msg>
<msg timestamp="20200507 23:57:51.269" level="INFO">POST Response : url=http://pixel-api:3333/auth 
 status=200, reason=OK 
 body={
    "token": "eyJ0eXAiOiJKV1QiLCJhbGciOiJIUzI1NiJ9.eyJpZCI6MSwiZXhwaXJlIjoiMjAyMC0wNS0wOFQwMzowMjo1MS4yNjYrMDA6MDAifQ.ZRS3H6UYGlu9y8MDpvso1JhEnZ_QKRjLXUN8bvYFxRI",
    "expire": "2020-05-08T03:02:51.266+00:00",
    "userId": 1
} 
 </msg>
<msg timestamp="20200507 23:57:51.269" level="INFO">${resp} = &lt;Response [200]&gt;</msg>
<status status="PASS" starttime="20200507 23:57:51.176" endtime="20200507 23:57:51.269"></status>
</kw>
<msg timestamp="20200507 23:57:51.269" level="INFO">${resp} = &lt;Response [200]&gt;</msg>
<status status="PASS" starttime="20200507 23:57:51.174" endtime="20200507 23:57:51.269"></status>
</kw>
<kw name="Convert To String" library="BuiltIn">
<doc>Converts the given item to a Unicode string.</doc>
<arguments>
<arg>${resp.json()['token']}</arg>
</arguments>
<assign>
<var>${token}</var>
</assign>
<msg timestamp="20200507 23:57:51.270" level="INFO">${token} = eyJ0eXAiOiJKV1QiLCJhbGciOiJIUzI1NiJ9.eyJpZCI6MSwiZXhwaXJlIjoiMjAyMC0wNS0wOFQwMzowMjo1MS4yNjYrMDA6MDAifQ.ZRS3H6UYGlu9y8MDpvso1JhEnZ_QKRjLXUN8bvYFxRI</msg>
<status status="PASS" starttime="20200507 23:57:51.270" endtime="20200507 23:57:51.270"></status>
</kw>
<msg timestamp="20200507 23:57:51.270" level="INFO">${token} = eyJ0eXAiOiJKV1QiLCJhbGciOiJIUzI1NiJ9.eyJpZCI6MSwiZXhwaXJlIjoiMjAyMC0wNS0wOFQwMzowMjo1MS4yNjYrMDA6MDAifQ.ZRS3H6UYGlu9y8MDpvso1JhEnZ_QKRjLXUN8bvYFxRI</msg>
<status status="PASS" starttime="20200507 23:57:51.173" endtime="20200507 23:57:51.270"></status>
</kw>
<kw name="Get Json" library="services">
<arguments>
<arg>get_unique.json</arg>
</arguments>
<assign>
<var>${payload}</var>
</assign>
<kw name="Get File" library="OperatingSystem">
<doc>Returns the contents of a specified file.</doc>
<arguments>
<arg>${EXECDIR}/resources/fixtures/${json_file}</arg>
</arguments>
<assign>
<var>${file}</var>
</assign>
<msg timestamp="20200507 23:57:51.272" level="INFO" html="yes">Getting file '&lt;a href="file://C:\qaninja\ninjapixel\backend\resources\fixtures\get_unique.json"&gt;C:\qaninja\ninjapixel\backend\resources\fixtures\get_unique.json&lt;/a&gt;'.</msg>
<msg timestamp="20200507 23:57:51.272" level="INFO">${file} = {
    "title": "GameBoy",
    "category": "Console",
    "producers": ["Nintendo"], 
    "price": "99.99", 
    "description": "Game portatil",
    "cover": "game-boy.jpg"
}</msg>
<status status="PASS" starttime="20200507 23:57:51.272" endtime="20200507 23:57:51.273"></status>
</kw>
<kw name="Evaluate" library="BuiltIn">
<doc>Evaluates the given expression in Python and returns the results.</doc>
<arguments>
<arg>json.loads($file)</arg>
<arg>json</arg>
</arguments>
<assign>
<var>${json}</var>
</assign>
<msg timestamp="20200507 23:57:51.280" level="INFO">${json} = {'title': 'GameBoy', 'category': 'Console', 'producers': ['Nintendo'], 'price': '99.99', 'description': 'Game portatil', 'cover': 'game-boy.jpg'}</msg>
<status status="PASS" starttime="20200507 23:57:51.273" endtime="20200507 23:57:51.280"></status>
</kw>
<msg timestamp="20200507 23:57:51.280" level="INFO">${payload} = {'title': 'GameBoy', 'category': 'Console', 'producers': ['Nintendo'], 'price': '99.99', 'description': 'Game portatil', 'cover': 'game-boy.jpg'}</msg>
<status status="PASS" starttime="20200507 23:57:51.271" endtime="20200507 23:57:51.281"></status>
</kw>
<kw name="Post Product" library="services">
<arguments>
<arg>${payload}</arg>
<arg>${token}</arg>
</arguments>
<assign>
<var>${product}</var>
</assign>
<kw name="Remove Product By Title" library="db">
<arguments>
<arg>${payload['title']}</arg>
</arguments>
<status status="PASS" starttime="20200507 23:57:51.282" endtime="20200507 23:57:51.325"></status>
</kw>
<kw name="Create Dictionary" library="BuiltIn">
<doc>Creates and returns a dictionary based on the given ``items``.</doc>
<arguments>
<arg>Content-Type=application/json</arg>
<arg>Authorization=JWT ${token}</arg>
</arguments>
<assign>
<var>&amp;{headers}</var>
</assign>
<msg timestamp="20200507 23:57:51.326" level="INFO">&amp;{headers} = { Content-Type=application/json | Authorization=JWT eyJ0eXAiOiJKV1QiLCJhbGciOiJIUzI1NiJ9.eyJpZCI6MSwiZXhwaXJlIjoiMjAyMC0wNS0wOFQwMzowMjo1MS4yNjYrMDA6MDAifQ.ZRS3H6UYGlu9y8MDpvso1JhEnZ_QKRjLXUN8bvYFxRI ...</msg>
<status status="PASS" starttime="20200507 23:57:51.325" endtime="20200507 23:57:51.326"></status>
</kw>
<kw name="Post Request" library="RequestsLibrary">
<doc>Send a POST request on the session object found using the
given `alias`</doc>
<arguments>
<arg>pixel</arg>
<arg>/products</arg>
<arg>data=${payload}</arg>
<arg>headers=${headers}</arg>
</arguments>
<assign>
<var>${resp}</var>
</assign>
<msg timestamp="20200507 23:57:51.377" level="INFO">POST Request : url=http://pixel-api:3333/products 
 path_url=/products 
 headers={'User-Agent': 'python-requests/2.23.0', 'Accept-Encoding': 'gzip, deflate', 'Accept': '*/*', 'Connection': 'keep-alive', 'Content-Type': 'application/json', 'Authorization': 'JWT eyJ0eXAiOiJKV1QiLCJhbGciOiJIUzI1NiJ9.eyJpZCI6MSwiZXhwaXJlIjoiMjAyMC0wNS0wOFQwMzowMjo1MS4yNjYrMDA6MDAifQ.ZRS3H6UYGlu9y8MDpvso1JhEnZ_QKRjLXUN8bvYFxRI', 'Content-Length': '145'} 
 body={"title": "GameBoy", "category": "Console", "producers": ["Nintendo"], "price": "99.99", "description": "Game portatil", "cover": "game-boy.jpg"} 
 </msg>
<msg timestamp="20200507 23:57:51.377" level="INFO">POST Response : url=http://pixel-api:3333/products 
 status=200, reason=OK 
 body={
    "id": 117
} 
 </msg>
<msg timestamp="20200507 23:57:51.378" level="INFO">${resp} = &lt;Response [200]&gt;</msg>
<status status="PASS" starttime="20200507 23:57:51.326" endtime="20200507 23:57:51.378"></status>
</kw>
<msg timestamp="20200507 23:57:51.378" level="INFO">${product} = &lt;Response [200]&gt;</msg>
<status status="PASS" starttime="20200507 23:57:51.281" endtime="20200507 23:57:51.378"></status>
</kw>
<kw name="Convert To String" library="BuiltIn">
<doc>Converts the given item to a Unicode string.</doc>
<arguments>
<arg>${product.json()['id']}</arg>
</arguments>
<assign>
<var>${id}</var>
</assign>
<msg timestamp="20200507 23:57:51.381" level="INFO">${id} = 117</msg>
<status status="PASS" starttime="20200507 23:57:51.380" endtime="20200507 23:57:51.381"></status>
</kw>
<kw name="Get Product" library="services">
<arguments>
<arg>${id}</arg>
<arg>${token}</arg>
</arguments>
<assign>
<var>${resp}</var>
</assign>
<kw name="Create Session" library="RequestsLibrary">
<doc>Create Session: create a HTTP session to a server</doc>
<arguments>
<arg>pixel</arg>
<arg>http://pixel-api:3333</arg>
</arguments>
<msg timestamp="20200507 23:57:51.383" level="INFO">Creating Session using : alias=pixel, url=http://pixel-api:3333, headers={},                     cookies={}, auth=None, timeout=None, proxies=None, verify=False,                     debug=0 </msg>
<status status="PASS" starttime="20200507 23:57:51.382" endtime="20200507 23:57:51.383"></status>
</kw>
<kw name="Create Dictionary" library="BuiltIn">
<doc>Creates and returns a dictionary based on the given ``items``.</doc>
<arguments>
<arg>Content-Type=application/json</arg>
<arg>Authorization=JWT ${token}</arg>
</arguments>
<assign>
<var>&amp;{headers}</var>
</assign>
<msg timestamp="20200507 23:57:51.385" level="INFO">&amp;{headers} = { Content-Type=application/json | Authorization=JWT eyJ0eXAiOiJKV1QiLCJhbGciOiJIUzI1NiJ9.eyJpZCI6MSwiZXhwaXJlIjoiMjAyMC0wNS0wOFQwMzowMjo1MS4yNjYrMDA6MDAifQ.ZRS3H6UYGlu9y8MDpvso1JhEnZ_QKRjLXUN8bvYFxRI ...</msg>
<status status="PASS" starttime="20200507 23:57:51.384" endtime="20200507 23:57:51.385"></status>
</kw>
<kw name="Get Request" library="RequestsLibrary">
<doc>Send a GET request on the session object found using the
given `alias`</doc>
<arguments>
<arg>pixel</arg>
<arg>/products/${id}</arg>
<arg>headers=${headers}</arg>
</arguments>
<assign>
<var>${resp}</var>
</assign>
<msg timestamp="20200507 23:57:51.422" level="INFO">GET Request : url=http://pixel-api:3333/products/117 
 path_url=/products/117 
 headers={'User-Agent': 'python-requests/2.23.0', 'Accept-Encoding': 'gzip, deflate', 'Accept': '*/*', 'Connection': 'keep-alive', 'Content-Type': 'application/json', 'Authorization': 'JWT eyJ0eXAiOiJKV1QiLCJhbGciOiJIUzI1NiJ9.eyJpZCI6MSwiZXhwaXJlIjoiMjAyMC0wNS0wOFQwMzowMjo1MS4yNjYrMDA6MDAifQ.ZRS3H6UYGlu9y8MDpvso1JhEnZ_QKRjLXUN8bvYFxRI'} 
 body=None 
 </msg>
<msg timestamp="20200507 23:57:51.422" level="INFO">GET Response : url=http://pixel-api:3333/products/117 
 status=200, reason=OK 
 body={
    "id": 117,
    "title": "GameBoy",
    "description": "Game portatil",
    "category": "Console",
    "price": "99.99",
    "producers": [
        "Nintendo"
    ],
    "cover": "game-boy.jpg",
    "createdAt": "2020-05-08T02:57:51.338Z",
    "updatedAt": "2020-05-08T02:57:51.338Z"
} 
 </msg>
<msg timestamp="20200507 23:57:51.422" level="INFO">${resp} = &lt;Response [200]&gt;</msg>
<status status="PASS" starttime="20200507 23:57:51.385" endtime="20200507 23:57:51.422"></status>
</kw>
<msg timestamp="20200507 23:57:51.423" level="INFO">${resp} = &lt;Response [200]&gt;</msg>
<status status="PASS" starttime="20200507 23:57:51.382" endtime="20200507 23:57:51.423"></status>
</kw>
<kw name="Status Should Be" library="RequestsLibrary">
<doc>Fails if response status code is different than the expected.</doc>
<arguments>
<arg>200</arg>
<arg>${resp}</arg>
</arguments>
<status status="PASS" starttime="20200507 23:57:51.424" endtime="20200507 23:57:51.425"></status>
</kw>
<kw name="Should Be Equal" library="BuiltIn">
<doc>Fails if the given objects are unequal.</doc>
<arguments>
<arg>${resp.json()['title']}</arg>
<arg>${payload['title']}</arg>
</arguments>
<status status="PASS" starttime="20200507 23:57:51.426" endtime="20200507 23:57:51.427"></status>
</kw>
<tags>
<tag>success</tag>
</tags>
<status status="PASS" starttime="20200507 23:57:51.172" endtime="20200507 23:57:51.427" critical="yes"></status>
</test>
<test id="s1-s2-s2-t2" name="Product Not found">
<kw name="Get Auth Token" library="services">
<arguments>
<arg>${USER_AUTH}</arg>
<arg>${PASSWORD_AUTH}</arg>
</arguments>
<assign>
<var>${token}</var>
</assign>
<kw name="Post Token" library="services">
<arguments>
<arg>${email}</arg>
<arg>${pass}</arg>
</arguments>
<assign>
<var>${resp}</var>
</assign>
<kw name="Create Session" library="RequestsLibrary">
<doc>Create Session: create a HTTP session to a server</doc>
<arguments>
<arg>pixel</arg>
<arg>http://pixel-api:3333</arg>
</arguments>
<msg timestamp="20200507 23:57:51.433" level="INFO">Creating Session using : alias=pixel, url=http://pixel-api:3333, headers={},                     cookies={}, auth=None, timeout=None, proxies=None, verify=False,                     debug=0 </msg>
<status status="PASS" starttime="20200507 23:57:51.433" endtime="20200507 23:57:51.433"></status>
</kw>
<kw name="Create Dictionary" library="BuiltIn">
<doc>Creates and returns a dictionary based on the given ``items``.</doc>
<arguments>
<arg>email=${email}</arg>
<arg>password=${pass}</arg>
</arguments>
<assign>
<var>&amp;{payload}</var>
</assign>
<msg timestamp="20200507 23:57:51.434" level="INFO">&amp;{payload} = { email=fernanda@ninjapixel.com | password=pwd123 }</msg>
<status status="PASS" starttime="20200507 23:57:51.434" endtime="20200507 23:57:51.434"></status>
</kw>
<kw name="Create Dictionary" library="BuiltIn">
<doc>Creates and returns a dictionary based on the given ``items``.</doc>
<arguments>
<arg>Content-Type=application/json</arg>
</arguments>
<assign>
<var>&amp;{headers}</var>
</assign>
<msg timestamp="20200507 23:57:51.435" level="INFO">&amp;{headers} = { Content-Type=application/json }</msg>
<status status="PASS" starttime="20200507 23:57:51.434" endtime="20200507 23:57:51.436"></status>
</kw>
<kw name="Post Request" library="RequestsLibrary">
<doc>Send a POST request on the session object found using the
given `alias`</doc>
<arguments>
<arg>pixel</arg>
<arg>/auth</arg>
<arg>data=${payload}</arg>
<arg>headers=${headers}</arg>
</arguments>
<assign>
<var>${resp}</var>
</assign>
<msg timestamp="20200507 23:57:51.526" level="INFO">POST Request : url=http://pixel-api:3333/auth 
 path_url=/auth 
 headers={'User-Agent': 'python-requests/2.23.0', 'Accept-Encoding': 'gzip, deflate', 'Accept': '*/*', 'Connection': 'keep-alive', 'Content-Type': 'application/json', 'Content-Length': '58'} 
 body={"email": "fernanda@ninjapixel.com", "password": "pwd123"} 
 </msg>
<msg timestamp="20200507 23:57:51.526" level="INFO">POST Response : url=http://pixel-api:3333/auth 
 status=200, reason=OK 
 body={
    "token": "eyJ0eXAiOiJKV1QiLCJhbGciOiJIUzI1NiJ9.eyJpZCI6MSwiZXhwaXJlIjoiMjAyMC0wNS0wOFQwMzowMjo1MS41MjMrMDA6MDAifQ.9QZDRctI1JFk_e_GLUB_E8YOb1CPHvbfj1OTD266Xag",
    "expire": "2020-05-08T03:02:51.523+00:00",
    "userId": 1
} 
 </msg>
<msg timestamp="20200507 23:57:51.527" level="INFO">${resp} = &lt;Response [200]&gt;</msg>
<status status="PASS" starttime="20200507 23:57:51.436" endtime="20200507 23:57:51.527"></status>
</kw>
<msg timestamp="20200507 23:57:51.527" level="INFO">${resp} = &lt;Response [200]&gt;</msg>
<status status="PASS" starttime="20200507 23:57:51.432" endtime="20200507 23:57:51.527"></status>
</kw>
<kw name="Convert To String" library="BuiltIn">
<doc>Converts the given item to a Unicode string.</doc>
<arguments>
<arg>${resp.json()['token']}</arg>
</arguments>
<assign>
<var>${token}</var>
</assign>
<msg timestamp="20200507 23:57:51.528" level="INFO">${token} = eyJ0eXAiOiJKV1QiLCJhbGciOiJIUzI1NiJ9.eyJpZCI6MSwiZXhwaXJlIjoiMjAyMC0wNS0wOFQwMzowMjo1MS41MjMrMDA6MDAifQ.9QZDRctI1JFk_e_GLUB_E8YOb1CPHvbfj1OTD266Xag</msg>
<status status="PASS" starttime="20200507 23:57:51.527" endtime="20200507 23:57:51.528"></status>
</kw>
<msg timestamp="20200507 23:57:51.528" level="INFO">${token} = eyJ0eXAiOiJKV1QiLCJhbGciOiJIUzI1NiJ9.eyJpZCI6MSwiZXhwaXJlIjoiMjAyMC0wNS0wOFQwMzowMjo1MS41MjMrMDA6MDAifQ.9QZDRctI1JFk_e_GLUB_E8YOb1CPHvbfj1OTD266Xag</msg>
<status status="PASS" starttime="20200507 23:57:51.431" endtime="20200507 23:57:51.528"></status>
</kw>
<kw name="Get Product" library="services">
<arguments>
<arg>9999</arg>
<arg>${token}</arg>
</arguments>
<assign>
<var>${resp}</var>
</assign>
<kw name="Create Session" library="RequestsLibrary">
<doc>Create Session: create a HTTP session to a server</doc>
<arguments>
<arg>pixel</arg>
<arg>http://pixel-api:3333</arg>
</arguments>
<msg timestamp="20200507 23:57:51.529" level="INFO">Creating Session using : alias=pixel, url=http://pixel-api:3333, headers={},                     cookies={}, auth=None, timeout=None, proxies=None, verify=False,                     debug=0 </msg>
<status status="PASS" starttime="20200507 23:57:51.529" endtime="20200507 23:57:51.530"></status>
</kw>
<kw name="Create Dictionary" library="BuiltIn">
<doc>Creates and returns a dictionary based on the given ``items``.</doc>
<arguments>
<arg>Content-Type=application/json</arg>
<arg>Authorization=JWT ${token}</arg>
</arguments>
<assign>
<var>&amp;{headers}</var>
</assign>
<msg timestamp="20200507 23:57:51.530" level="INFO">&amp;{headers} = { Content-Type=application/json | Authorization=JWT eyJ0eXAiOiJKV1QiLCJhbGciOiJIUzI1NiJ9.eyJpZCI6MSwiZXhwaXJlIjoiMjAyMC0wNS0wOFQwMzowMjo1MS41MjMrMDA6MDAifQ.9QZDRctI1JFk_e_GLUB_E8YOb1CPHvbfj1OTD266Xag ...</msg>
<status status="PASS" starttime="20200507 23:57:51.530" endtime="20200507 23:57:51.531"></status>
</kw>
<kw name="Get Request" library="RequestsLibrary">
<doc>Send a GET request on the session object found using the
given `alias`</doc>
<arguments>
<arg>pixel</arg>
<arg>/products/${id}</arg>
<arg>headers=${headers}</arg>
</arguments>
<assign>
<var>${resp}</var>
</assign>
<msg timestamp="20200507 23:57:51.551" level="INFO">GET Request : url=http://pixel-api:3333/products/9999 
 path_url=/products/9999 
 headers={'User-Agent': 'python-requests/2.23.0', 'Accept-Encoding': 'gzip, deflate', 'Accept': '*/*', 'Connection': 'keep-alive', 'Content-Type': 'application/json', 'Authorization': 'JWT eyJ0eXAiOiJKV1QiLCJhbGciOiJIUzI1NiJ9.eyJpZCI6MSwiZXhwaXJlIjoiMjAyMC0wNS0wOFQwMzowMjo1MS41MjMrMDA6MDAifQ.9QZDRctI1JFk_e_GLUB_E8YOb1CPHvbfj1OTD266Xag'} 
 body=None 
 </msg>
<msg timestamp="20200507 23:57:51.551" level="INFO">GET Response : url=http://pixel-api:3333/products/9999 
 status=412, reason=Precondition Failed 
 body={
    "msg": "res.sendstatus is not a function"
} 
 </msg>
<msg timestamp="20200507 23:57:51.552" level="INFO">${resp} = &lt;Response [412]&gt;</msg>
<status status="PASS" starttime="20200507 23:57:51.531" endtime="20200507 23:57:51.552"></status>
</kw>
<msg timestamp="20200507 23:57:51.552" level="INFO">${resp} = &lt;Response [412]&gt;</msg>
<status status="PASS" starttime="20200507 23:57:51.529" endtime="20200507 23:57:51.552"></status>
</kw>
<kw name="Status Should Be" library="RequestsLibrary">
<doc>Fails if response status code is different than the expected.</doc>
<arguments>
<arg>412</arg>
<arg>${resp}</arg>
</arguments>
<status status="PASS" starttime="20200507 23:57:51.553" endtime="20200507 23:57:51.554"></status>
</kw>
<tags>
<tag>not_found</tag>
</tags>
<status status="PASS" starttime="20200507 23:57:51.430" endtime="20200507 23:57:51.554" critical="yes"></status>
</test>
<doc>Pixel Api GET /products</doc>
<status status="PASS" starttime="20200507 23:57:51.163" endtime="20200507 23:57:51.556"></status>
</suite>
<suite id="s1-s2-s3" name="Post Product" source="C:\qaninja\ninjapixel\backend\tests\products\post_product.robot">
<test id="s1-s2-s3-t1" name="Create new product">
<kw name="Get Auth Token" library="services">
<arguments>
<arg>${USER_AUTH}</arg>
<arg>${PASSWORD_AUTH}</arg>
</arguments>
<assign>
<var>${token}</var>
</assign>
<kw name="Post Token" library="services">
<arguments>
<arg>${email}</arg>
<arg>${pass}</arg>
</arguments>
<assign>
<var>${resp}</var>
</assign>
<kw name="Create Session" library="RequestsLibrary">
<doc>Create Session: create a HTTP session to a server</doc>
<arguments>
<arg>pixel</arg>
<arg>http://pixel-api:3333</arg>
</arguments>
<msg timestamp="20200507 23:57:51.569" level="INFO">Creating Session using : alias=pixel, url=http://pixel-api:3333, headers={},                     cookies={}, auth=None, timeout=None, proxies=None, verify=False,                     debug=0 </msg>
<status status="PASS" starttime="20200507 23:57:51.569" endtime="20200507 23:57:51.569"></status>
</kw>
<kw name="Create Dictionary" library="BuiltIn">
<doc>Creates and returns a dictionary based on the given ``items``.</doc>
<arguments>
<arg>email=${email}</arg>
<arg>password=${pass}</arg>
</arguments>
<assign>
<var>&amp;{payload}</var>
</assign>
<msg timestamp="20200507 23:57:51.570" level="INFO">&amp;{payload} = { email=fernanda@ninjapixel.com | password=pwd123 }</msg>
<status status="PASS" starttime="20200507 23:57:51.570" endtime="20200507 23:57:51.570"></status>
</kw>
<kw name="Create Dictionary" library="BuiltIn">
<doc>Creates and returns a dictionary based on the given ``items``.</doc>
<arguments>
<arg>Content-Type=application/json</arg>
</arguments>
<assign>
<var>&amp;{headers}</var>
</assign>
<msg timestamp="20200507 23:57:51.571" level="INFO">&amp;{headers} = { Content-Type=application/json }</msg>
<status status="PASS" starttime="20200507 23:57:51.570" endtime="20200507 23:57:51.571"></status>
</kw>
<kw name="Post Request" library="RequestsLibrary">
<doc>Send a POST request on the session object found using the
given `alias`</doc>
<arguments>
<arg>pixel</arg>
<arg>/auth</arg>
<arg>data=${payload}</arg>
<arg>headers=${headers}</arg>
</arguments>
<assign>
<var>${resp}</var>
</assign>
<msg timestamp="20200507 23:57:51.670" level="INFO">POST Request : url=http://pixel-api:3333/auth 
 path_url=/auth 
 headers={'User-Agent': 'python-requests/2.23.0', 'Accept-Encoding': 'gzip, deflate', 'Accept': '*/*', 'Connection': 'keep-alive', 'Content-Type': 'application/json', 'Content-Length': '58'} 
 body={"email": "fernanda@ninjapixel.com", "password": "pwd123"} 
 </msg>
<msg timestamp="20200507 23:57:51.670" level="INFO">POST Response : url=http://pixel-api:3333/auth 
 status=200, reason=OK 
 body={
    "token": "eyJ0eXAiOiJKV1QiLCJhbGciOiJIUzI1NiJ9.eyJpZCI6MSwiZXhwaXJlIjoiMjAyMC0wNS0wOFQwMzowMjo1MS42NjcrMDA6MDAifQ._QaKrRTkfWT_G2VPKYgvuDhltuh4iIYf4hUB06X-gdY",
    "expire": "2020-05-08T03:02:51.667+00:00",
    "userId": 1
} 
 </msg>
<msg timestamp="20200507 23:57:51.670" level="INFO">${resp} = &lt;Response [200]&gt;</msg>
<status status="PASS" starttime="20200507 23:57:51.571" endtime="20200507 23:57:51.670"></status>
</kw>
<msg timestamp="20200507 23:57:51.670" level="INFO">${resp} = &lt;Response [200]&gt;</msg>
<status status="PASS" starttime="20200507 23:57:51.568" endtime="20200507 23:57:51.670"></status>
</kw>
<kw name="Convert To String" library="BuiltIn">
<doc>Converts the given item to a Unicode string.</doc>
<arguments>
<arg>${resp.json()['token']}</arg>
</arguments>
<assign>
<var>${token}</var>
</assign>
<msg timestamp="20200507 23:57:51.671" level="INFO">${token} = eyJ0eXAiOiJKV1QiLCJhbGciOiJIUzI1NiJ9.eyJpZCI6MSwiZXhwaXJlIjoiMjAyMC0wNS0wOFQwMzowMjo1MS42NjcrMDA6MDAifQ._QaKrRTkfWT_G2VPKYgvuDhltuh4iIYf4hUB06X-gdY</msg>
<status status="PASS" starttime="20200507 23:57:51.671" endtime="20200507 23:57:51.671"></status>
</kw>
<msg timestamp="20200507 23:57:51.671" level="INFO">${token} = eyJ0eXAiOiJKV1QiLCJhbGciOiJIUzI1NiJ9.eyJpZCI6MSwiZXhwaXJlIjoiMjAyMC0wNS0wOFQwMzowMjo1MS42NjcrMDA6MDAifQ._QaKrRTkfWT_G2VPKYgvuDhltuh4iIYf4hUB06X-gdY</msg>
<status status="PASS" starttime="20200507 23:57:51.568" endtime="20200507 23:57:51.671"></status>
</kw>
<kw name="Get Json" library="services">
<arguments>
<arg>dk.json</arg>
</arguments>
<assign>
<var>${payload}</var>
</assign>
<kw name="Get File" library="OperatingSystem">
<doc>Returns the contents of a specified file.</doc>
<arguments>
<arg>${EXECDIR}/resources/fixtures/${json_file}</arg>
</arguments>
<assign>
<var>${file}</var>
</assign>
<msg timestamp="20200507 23:57:51.673" level="INFO" html="yes">Getting file '&lt;a href="file://C:\qaninja\ninjapixel\backend\resources\fixtures\dk.json"&gt;C:\qaninja\ninjapixel\backend\resources\fixtures\dk.json&lt;/a&gt;'.</msg>
<msg timestamp="20200507 23:57:51.674" level="INFO">${file} = {
    "title": "Donkey Kong",
    "category": "Super Nintendo",
    "producers": ["Nintendo", "Rare"], 
    "price": "199.99", 
    "description": "É pura diversão com este clássico de plataforma 2D."...</msg>
<status status="PASS" starttime="20200507 23:57:51.673" endtime="20200507 23:57:51.674"></status>
</kw>
<kw name="Evaluate" library="BuiltIn">
<doc>Evaluates the given expression in Python and returns the results.</doc>
<arguments>
<arg>json.loads($file)</arg>
<arg>json</arg>
</arguments>
<assign>
<var>${json}</var>
</assign>
<msg timestamp="20200507 23:57:51.675" level="INFO">${json} = {'title': 'Donkey Kong', 'category': 'Super Nintendo', 'producers': ['Nintendo', 'Rare'], 'price': '199.99', 'description': 'É pura diversão com este clássico de plataforma 2D.', 'cover': 'donkey-kong...</msg>
<status status="PASS" starttime="20200507 23:57:51.674" endtime="20200507 23:57:51.675"></status>
</kw>
<msg timestamp="20200507 23:57:51.675" level="INFO">${payload} = {'title': 'Donkey Kong', 'category': 'Super Nintendo', 'producers': ['Nintendo', 'Rare'], 'price': '199.99', 'description': 'É pura diversão com este clássico de plataforma 2D.', 'cover': 'donkey-kong...</msg>
<status status="PASS" starttime="20200507 23:57:51.672" endtime="20200507 23:57:51.675"></status>
</kw>
<kw name="Post Product" library="services">
<arguments>
<arg>${payload}</arg>
<arg>${token}</arg>
</arguments>
<assign>
<var>${resp}</var>
</assign>
<kw name="Remove Product By Title" library="db">
<arguments>
<arg>${payload['title']}</arg>
</arguments>
<status status="PASS" starttime="20200507 23:57:51.676" endtime="20200507 23:57:51.698"></status>
</kw>
<kw name="Create Dictionary" library="BuiltIn">
<doc>Creates and returns a dictionary based on the given ``items``.</doc>
<arguments>
<arg>Content-Type=application/json</arg>
<arg>Authorization=JWT ${token}</arg>
</arguments>
<assign>
<var>&amp;{headers}</var>
</assign>
<msg timestamp="20200507 23:57:51.699" level="INFO">&amp;{headers} = { Content-Type=application/json | Authorization=JWT eyJ0eXAiOiJKV1QiLCJhbGciOiJIUzI1NiJ9.eyJpZCI6MSwiZXhwaXJlIjoiMjAyMC0wNS0wOFQwMzowMjo1MS42NjcrMDA6MDAifQ._QaKrRTkfWT_G2VPKYgvuDhltuh4iIYf4hUB06X-gdY ...</msg>
<status status="PASS" starttime="20200507 23:57:51.698" endtime="20200507 23:57:51.699"></status>
</kw>
<kw name="Post Request" library="RequestsLibrary">
<doc>Send a POST request on the session object found using the
given `alias`</doc>
<arguments>
<arg>pixel</arg>
<arg>/products</arg>
<arg>data=${payload}</arg>
<arg>headers=${headers}</arg>
</arguments>
<assign>
<var>${resp}</var>
</assign>
<msg timestamp="20200507 23:57:51.743" level="INFO">POST Request : url=http://pixel-api:3333/products 
 path_url=/products 
 headers={'User-Agent': 'python-requests/2.23.0', 'Accept-Encoding': 'gzip, deflate', 'Accept': '*/*', 'Connection': 'keep-alive', 'Content-Type': 'application/json', 'Authorization': 'JWT eyJ0eXAiOiJKV1QiLCJhbGciOiJIUzI1NiJ9.eyJpZCI6MSwiZXhwaXJlIjoiMjAyMC0wNS0wOFQwMzowMjo1MS42NjcrMDA6MDAifQ._QaKrRTkfWT_G2VPKYgvuDhltuh4iIYf4hUB06X-gdY', 'Content-Length': '221'} 
 body={"title": "Donkey Kong", "category": "Super Nintendo", "producers": ["Nintendo", "Rare"], "price": "199.99", "description": "\u00c9 pura divers\u00e3o com este cl\u00e1ssico de plataforma 2D.", "cover": "donkey-kong.jpg"} 
 </msg>
<msg timestamp="20200507 23:57:51.743" level="INFO">POST Response : url=http://pixel-api:3333/products 
 status=200, reason=OK 
 body={
    "id": 118
} 
 </msg>
<msg timestamp="20200507 23:57:51.743" level="INFO">${resp} = &lt;Response [200]&gt;</msg>
<status status="PASS" starttime="20200507 23:57:51.699" endtime="20200507 23:57:51.743"></status>
</kw>
<msg timestamp="20200507 23:57:51.744" level="INFO">${resp} = &lt;Response [200]&gt;</msg>
<status status="PASS" starttime="20200507 23:57:51.676" endtime="20200507 23:57:51.744"></status>
</kw>
<kw name="Status Should Be" library="RequestsLibrary">
<doc>Fails if response status code is different than the expected.</doc>
<arguments>
<arg>200</arg>
<arg>${resp}</arg>
</arguments>
<status status="PASS" starttime="20200507 23:57:51.745" endtime="20200507 23:57:51.745"></status>
</kw>
<tags>
<tag>success</tag>
</tags>
<status status="PASS" starttime="20200507 23:57:51.567" endtime="20200507 23:57:51.745" critical="yes"></status>
</test>
<test id="s1-s2-s3-t2" name="Duplicated Product">
<kw name="Get Auth Token" library="services">
<arguments>
<arg>${USER_AUTH}</arg>
<arg>${PASSWORD_AUTH}</arg>
</arguments>
<assign>
<var>${token}</var>
</assign>
<kw name="Post Token" library="services">
<arguments>
<arg>${email}</arg>
<arg>${pass}</arg>
</arguments>
<assign>
<var>${resp}</var>
</assign>
<kw name="Create Session" library="RequestsLibrary">
<doc>Create Session: create a HTTP session to a server</doc>
<arguments>
<arg>pixel</arg>
<arg>http://pixel-api:3333</arg>
</arguments>
<msg timestamp="20200507 23:57:51.749" level="INFO">Creating Session using : alias=pixel, url=http://pixel-api:3333, headers={},                     cookies={}, auth=None, timeout=None, proxies=None, verify=False,                     debug=0 </msg>
<status status="PASS" starttime="20200507 23:57:51.749" endtime="20200507 23:57:51.749"></status>
</kw>
<kw name="Create Dictionary" library="BuiltIn">
<doc>Creates and returns a dictionary based on the given ``items``.</doc>
<arguments>
<arg>email=${email}</arg>
<arg>password=${pass}</arg>
</arguments>
<assign>
<var>&amp;{payload}</var>
</assign>
<msg timestamp="20200507 23:57:51.750" level="INFO">&amp;{payload} = { email=fernanda@ninjapixel.com | password=pwd123 }</msg>
<status status="PASS" starttime="20200507 23:57:51.749" endtime="20200507 23:57:51.750"></status>
</kw>
<kw name="Create Dictionary" library="BuiltIn">
<doc>Creates and returns a dictionary based on the given ``items``.</doc>
<arguments>
<arg>Content-Type=application/json</arg>
</arguments>
<assign>
<var>&amp;{headers}</var>
</assign>
<msg timestamp="20200507 23:57:51.751" level="INFO">&amp;{headers} = { Content-Type=application/json }</msg>
<status status="PASS" starttime="20200507 23:57:51.750" endtime="20200507 23:57:51.751"></status>
</kw>
<kw name="Post Request" library="RequestsLibrary">
<doc>Send a POST request on the session object found using the
given `alias`</doc>
<arguments>
<arg>pixel</arg>
<arg>/auth</arg>
<arg>data=${payload}</arg>
<arg>headers=${headers}</arg>
</arguments>
<assign>
<var>${resp}</var>
</assign>
<msg timestamp="20200507 23:57:51.841" level="INFO">POST Request : url=http://pixel-api:3333/auth 
 path_url=/auth 
 headers={'User-Agent': 'python-requests/2.23.0', 'Accept-Encoding': 'gzip, deflate', 'Accept': '*/*', 'Connection': 'keep-alive', 'Content-Type': 'application/json', 'Content-Length': '58'} 
 body={"email": "fernanda@ninjapixel.com", "password": "pwd123"} 
 </msg>
<msg timestamp="20200507 23:57:51.841" level="INFO">POST Response : url=http://pixel-api:3333/auth 
 status=200, reason=OK 
 body={
    "token": "eyJ0eXAiOiJKV1QiLCJhbGciOiJIUzI1NiJ9.eyJpZCI6MSwiZXhwaXJlIjoiMjAyMC0wNS0wOFQwMzowMjo1MS44MzkrMDA6MDAifQ.BzzTLezOcifSKr9CE4lIE5wIF_DYvJK8P27rnTo0-Gs",
    "expire": "2020-05-08T03:02:51.839+00:00",
    "userId": 1
} 
 </msg>
<msg timestamp="20200507 23:57:51.842" level="INFO">${resp} = &lt;Response [200]&gt;</msg>
<status status="PASS" starttime="20200507 23:57:51.751" endtime="20200507 23:57:51.842"></status>
</kw>
<msg timestamp="20200507 23:57:51.842" level="INFO">${resp} = &lt;Response [200]&gt;</msg>
<status status="PASS" starttime="20200507 23:57:51.748" endtime="20200507 23:57:51.842"></status>
</kw>
<kw name="Convert To String" library="BuiltIn">
<doc>Converts the given item to a Unicode string.</doc>
<arguments>
<arg>${resp.json()['token']}</arg>
</arguments>
<assign>
<var>${token}</var>
</assign>
<msg timestamp="20200507 23:57:51.843" level="INFO">${token} = eyJ0eXAiOiJKV1QiLCJhbGciOiJIUzI1NiJ9.eyJpZCI6MSwiZXhwaXJlIjoiMjAyMC0wNS0wOFQwMzowMjo1MS44MzkrMDA6MDAifQ.BzzTLezOcifSKr9CE4lIE5wIF_DYvJK8P27rnTo0-Gs</msg>
<status status="PASS" starttime="20200507 23:57:51.842" endtime="20200507 23:57:51.843"></status>
</kw>
<msg timestamp="20200507 23:57:51.843" level="INFO">${token} = eyJ0eXAiOiJKV1QiLCJhbGciOiJIUzI1NiJ9.eyJpZCI6MSwiZXhwaXJlIjoiMjAyMC0wNS0wOFQwMzowMjo1MS44MzkrMDA6MDAifQ.BzzTLezOcifSKr9CE4lIE5wIF_DYvJK8P27rnTo0-Gs</msg>
<status status="PASS" starttime="20200507 23:57:51.748" endtime="20200507 23:57:51.843"></status>
</kw>
<tags>
<tag>conflict</tag>
</tags>
<status status="PASS" starttime="20200507 23:57:51.747" endtime="20200507 23:57:51.844" critical="yes"></status>
</test>
<test id="s1-s2-s3-t3" name="Required title">
<kw name="Get Auth Token" library="services">
<arguments>
<arg>${USER_AUTH}</arg>
<arg>${PASSWORD_AUTH}</arg>
</arguments>
<assign>
<var>${token}</var>
</assign>
<kw name="Post Token" library="services">
<arguments>
<arg>${email}</arg>
<arg>${pass}</arg>
</arguments>
<assign>
<var>${resp}</var>
</assign>
<kw name="Create Session" library="RequestsLibrary">
<doc>Create Session: create a HTTP session to a server</doc>
<arguments>
<arg>pixel</arg>
<arg>http://pixel-api:3333</arg>
</arguments>
<msg timestamp="20200507 23:57:51.847" level="INFO">Creating Session using : alias=pixel, url=http://pixel-api:3333, headers={},                     cookies={}, auth=None, timeout=None, proxies=None, verify=False,                     debug=0 </msg>
<status status="PASS" starttime="20200507 23:57:51.847" endtime="20200507 23:57:51.848"></status>
</kw>
<kw name="Create Dictionary" library="BuiltIn">
<doc>Creates and returns a dictionary based on the given ``items``.</doc>
<arguments>
<arg>email=${email}</arg>
<arg>password=${pass}</arg>
</arguments>
<assign>
<var>&amp;{payload}</var>
</assign>
<msg timestamp="20200507 23:57:51.848" level="INFO">&amp;{payload} = { email=fernanda@ninjapixel.com | password=pwd123 }</msg>
<status status="PASS" starttime="20200507 23:57:51.848" endtime="20200507 23:57:51.848"></status>
</kw>
<kw name="Create Dictionary" library="BuiltIn">
<doc>Creates and returns a dictionary based on the given ``items``.</doc>
<arguments>
<arg>Content-Type=application/json</arg>
</arguments>
<assign>
<var>&amp;{headers}</var>
</assign>
<msg timestamp="20200507 23:57:51.849" level="INFO">&amp;{headers} = { Content-Type=application/json }</msg>
<status status="PASS" starttime="20200507 23:57:51.849" endtime="20200507 23:57:51.849"></status>
</kw>
<kw name="Post Request" library="RequestsLibrary">
<doc>Send a POST request on the session object found using the
given `alias`</doc>
<arguments>
<arg>pixel</arg>
<arg>/auth</arg>
<arg>data=${payload}</arg>
<arg>headers=${headers}</arg>
</arguments>
<assign>
<var>${resp}</var>
</assign>
<msg timestamp="20200507 23:57:51.939" level="INFO">POST Request : url=http://pixel-api:3333/auth 
 path_url=/auth 
 headers={'User-Agent': 'python-requests/2.23.0', 'Accept-Encoding': 'gzip, deflate', 'Accept': '*/*', 'Connection': 'keep-alive', 'Content-Type': 'application/json', 'Content-Length': '58'} 
 body={"email": "fernanda@ninjapixel.com", "password": "pwd123"} 
 </msg>
<msg timestamp="20200507 23:57:51.940" level="INFO">POST Response : url=http://pixel-api:3333/auth 
 status=200, reason=OK 
 body={
    "token": "eyJ0eXAiOiJKV1QiLCJhbGciOiJIUzI1NiJ9.eyJpZCI6MSwiZXhwaXJlIjoiMjAyMC0wNS0wOFQwMzowMjo1MS45MzcrMDA6MDAifQ.GsV2CQH82-povjS3PhahvfdTiWxD4iiqx7rd-WsHbLw",
    "expire": "2020-05-08T03:02:51.937+00:00",
    "userId": 1
} 
 </msg>
<msg timestamp="20200507 23:57:51.940" level="INFO">${resp} = &lt;Response [200]&gt;</msg>
<status status="PASS" starttime="20200507 23:57:51.849" endtime="20200507 23:57:51.940"></status>
</kw>
<msg timestamp="20200507 23:57:51.940" level="INFO">${resp} = &lt;Response [200]&gt;</msg>
<status status="PASS" starttime="20200507 23:57:51.847" endtime="20200507 23:57:51.940"></status>
</kw>
<kw name="Convert To String" library="BuiltIn">
<doc>Converts the given item to a Unicode string.</doc>
<arguments>
<arg>${resp.json()['token']}</arg>
</arguments>
<assign>
<var>${token}</var>
</assign>
<msg timestamp="20200507 23:57:51.941" level="INFO">${token} = eyJ0eXAiOiJKV1QiLCJhbGciOiJIUzI1NiJ9.eyJpZCI6MSwiZXhwaXJlIjoiMjAyMC0wNS0wOFQwMzowMjo1MS45MzcrMDA6MDAifQ.GsV2CQH82-povjS3PhahvfdTiWxD4iiqx7rd-WsHbLw</msg>
<status status="PASS" starttime="20200507 23:57:51.940" endtime="20200507 23:57:51.941"></status>
</kw>
<msg timestamp="20200507 23:57:51.941" level="INFO">${token} = eyJ0eXAiOiJKV1QiLCJhbGciOiJIUzI1NiJ9.eyJpZCI6MSwiZXhwaXJlIjoiMjAyMC0wNS0wOFQwMzowMjo1MS45MzcrMDA6MDAifQ.GsV2CQH82-povjS3PhahvfdTiWxD4iiqx7rd-WsHbLw</msg>
<status status="PASS" starttime="20200507 23:57:51.846" endtime="20200507 23:57:51.941"></status>
</kw>
<kw name="Get Json" library="services">
<arguments>
<arg>no_title.json</arg>
</arguments>
<assign>
<var>${payload}</var>
</assign>
<kw name="Get File" library="OperatingSystem">
<doc>Returns the contents of a specified file.</doc>
<arguments>
<arg>${EXECDIR}/resources/fixtures/${json_file}</arg>
</arguments>
<assign>
<var>${file}</var>
</assign>
<msg timestamp="20200507 23:57:51.943" level="INFO" html="yes">Getting file '&lt;a href="file://C:\qaninja\ninjapixel\backend\resources\fixtures\no_title.json"&gt;C:\qaninja\ninjapixel\backend\resources\fixtures\no_title.json&lt;/a&gt;'.</msg>
<msg timestamp="20200507 23:57:51.943" level="INFO">${file} = {
    "title": "",
    "category": "Super Nintendo",
    "producers": ["Nintendo", "Rare"], 
    "price": "199.99", 
    "description": "É pura diversão com este clássico de plataforma 2D.",
    "cove...</msg>
<status status="PASS" starttime="20200507 23:57:51.942" endtime="20200507 23:57:51.943"></status>
</kw>
<kw name="Evaluate" library="BuiltIn">
<doc>Evaluates the given expression in Python and returns the results.</doc>
<arguments>
<arg>json.loads($file)</arg>
<arg>json</arg>
</arguments>
<assign>
<var>${json}</var>
</assign>
<msg timestamp="20200507 23:57:51.944" level="INFO">${json} = {'title': '', 'category': 'Super Nintendo', 'producers': ['Nintendo', 'Rare'], 'price': '199.99', 'description': 'É pura diversão com este clássico de plataforma 2D.', 'cover': 'donkey-kong.jpg'}</msg>
<status status="PASS" starttime="20200507 23:57:51.943" endtime="20200507 23:57:51.944"></status>
</kw>
<msg timestamp="20200507 23:57:51.945" level="INFO">${payload} = {'title': '', 'category': 'Super Nintendo', 'producers': ['Nintendo', 'Rare'], 'price': '199.99', 'description': 'É pura diversão com este clássico de plataforma 2D.', 'cover': 'donkey-kong.jpg'}</msg>
<status status="PASS" starttime="20200507 23:57:51.942" endtime="20200507 23:57:51.945"></status>
</kw>
<kw name="Post Product" library="services">
<arguments>
<arg>${payload}</arg>
<arg>${token}</arg>
</arguments>
<assign>
<var>${resp}</var>
</assign>
<kw name="Remove Product By Title" library="db">
<arguments>
<arg>${payload['title']}</arg>
</arguments>
<status status="PASS" starttime="20200507 23:57:51.946" endtime="20200507 23:57:51.969"></status>
</kw>
<kw name="Create Dictionary" library="BuiltIn">
<doc>Creates and returns a dictionary based on the given ``items``.</doc>
<arguments>
<arg>Content-Type=application/json</arg>
<arg>Authorization=JWT ${token}</arg>
</arguments>
<assign>
<var>&amp;{headers}</var>
</assign>
<msg timestamp="20200507 23:57:51.970" level="INFO">&amp;{headers} = { Content-Type=application/json | Authorization=JWT eyJ0eXAiOiJKV1QiLCJhbGciOiJIUzI1NiJ9.eyJpZCI6MSwiZXhwaXJlIjoiMjAyMC0wNS0wOFQwMzowMjo1MS45MzcrMDA6MDAifQ.GsV2CQH82-povjS3PhahvfdTiWxD4iiqx7rd-WsHbLw ...</msg>
<status status="PASS" starttime="20200507 23:57:51.970" endtime="20200507 23:57:51.970"></status>
</kw>
<kw name="Post Request" library="RequestsLibrary">
<doc>Send a POST request on the session object found using the
given `alias`</doc>
<arguments>
<arg>pixel</arg>
<arg>/products</arg>
<arg>data=${payload}</arg>
<arg>headers=${headers}</arg>
</arguments>
<assign>
<var>${resp}</var>
</assign>
<msg timestamp="20200507 23:57:51.992" level="INFO">POST Request : url=http://pixel-api:3333/products 
 path_url=/products 
 headers={'User-Agent': 'python-requests/2.23.0', 'Accept-Encoding': 'gzip, deflate', 'Accept': '*/*', 'Connection': 'keep-alive', 'Content-Type': 'application/json', 'Authorization': 'JWT eyJ0eXAiOiJKV1QiLCJhbGciOiJIUzI1NiJ9.eyJpZCI6MSwiZXhwaXJlIjoiMjAyMC0wNS0wOFQwMzowMjo1MS45MzcrMDA6MDAifQ.GsV2CQH82-povjS3PhahvfdTiWxD4iiqx7rd-WsHbLw', 'Content-Length': '210'} 
 body={"title": "", "category": "Super Nintendo", "producers": ["Nintendo", "Rare"], "price": "199.99", "description": "\u00c9 pura divers\u00e3o com este cl\u00e1ssico de plataforma 2D.", "cover": "donkey-kong.jpg"} 
 </msg>
<msg timestamp="20200507 23:57:51.992" level="INFO">POST Response : url=http://pixel-api:3333/products 
 status=400, reason=Bad Request 
 body={
    "msg": "Oops! title cannot be empty"
} 
 </msg>
<msg timestamp="20200507 23:57:51.992" level="INFO">${resp} = &lt;Response [400]&gt;</msg>
<status status="PASS" starttime="20200507 23:57:51.971" endtime="20200507 23:57:51.992"></status>
</kw>
<msg timestamp="20200507 23:57:51.993" level="INFO">${resp} = &lt;Response [400]&gt;</msg>
<status status="PASS" starttime="20200507 23:57:51.945" endtime="20200507 23:57:51.993"></status>
</kw>
<kw name="Status Should Be" library="RequestsLibrary">
<doc>Fails if response status code is different than the expected.</doc>
<arguments>
<arg>400</arg>
<arg>${resp}</arg>
</arguments>
<status status="PASS" starttime="20200507 23:57:51.993" endtime="20200507 23:57:51.994"></status>
</kw>
<kw name="Should Be Equal" library="BuiltIn">
<doc>Fails if the given objects are unequal.</doc>
<arguments>
<arg>${resp.json()['msg']}</arg>
<arg>Oops! title cannot be empty</arg>
</arguments>
<status status="PASS" starttime="20200507 23:57:51.994" endtime="20200507 23:57:51.995"></status>
</kw>
<kw name="Dictionary Should Contain Value" library="Collections">
<doc>Fails if ``value`` is not found from ``dictionary``.</doc>
<arguments>
<arg>${resp.json()}</arg>
<arg>Oops! title cannot be empty</arg>
</arguments>
<status status="PASS" starttime="20200507 23:57:51.995" endtime="20200507 23:57:51.996"></status>
</kw>
<tags>
<tag>bad_request</tag>
</tags>
<status status="PASS" starttime="20200507 23:57:51.846" endtime="20200507 23:57:51.996" critical="yes"></status>
</test>
<test id="s1-s2-s3-t4" name="Required category">
<kw name="Get Auth Token" library="services">
<arguments>
<arg>${USER_AUTH}</arg>
<arg>${PASSWORD_AUTH}</arg>
</arguments>
<assign>
<var>${token}</var>
</assign>
<kw name="Post Token" library="services">
<arguments>
<arg>${email}</arg>
<arg>${pass}</arg>
</arguments>
<assign>
<var>${resp}</var>
</assign>
<kw name="Create Session" library="RequestsLibrary">
<doc>Create Session: create a HTTP session to a server</doc>
<arguments>
<arg>pixel</arg>
<arg>http://pixel-api:3333</arg>
</arguments>
<msg timestamp="20200507 23:57:52.000" level="INFO">Creating Session using : alias=pixel, url=http://pixel-api:3333, headers={},                     cookies={}, auth=None, timeout=None, proxies=None, verify=False,                     debug=0 </msg>
<status status="PASS" starttime="20200507 23:57:52.000" endtime="20200507 23:57:52.001"></status>
</kw>
<kw name="Create Dictionary" library="BuiltIn">
<doc>Creates and returns a dictionary based on the given ``items``.</doc>
<arguments>
<arg>email=${email}</arg>
<arg>password=${pass}</arg>
</arguments>
<assign>
<var>&amp;{payload}</var>
</assign>
<msg timestamp="20200507 23:57:52.001" level="INFO">&amp;{payload} = { email=fernanda@ninjapixel.com | password=pwd123 }</msg>
<status status="PASS" starttime="20200507 23:57:52.001" endtime="20200507 23:57:52.001"></status>
</kw>
<kw name="Create Dictionary" library="BuiltIn">
<doc>Creates and returns a dictionary based on the given ``items``.</doc>
<arguments>
<arg>Content-Type=application/json</arg>
</arguments>
<assign>
<var>&amp;{headers}</var>
</assign>
<msg timestamp="20200507 23:57:52.002" level="INFO">&amp;{headers} = { Content-Type=application/json }</msg>
<status status="PASS" starttime="20200507 23:57:52.001" endtime="20200507 23:57:52.002"></status>
</kw>
<kw name="Post Request" library="RequestsLibrary">
<doc>Send a POST request on the session object found using the
given `alias`</doc>
<arguments>
<arg>pixel</arg>
<arg>/auth</arg>
<arg>data=${payload}</arg>
<arg>headers=${headers}</arg>
</arguments>
<assign>
<var>${resp}</var>
</assign>
<msg timestamp="20200507 23:57:52.092" level="INFO">POST Request : url=http://pixel-api:3333/auth 
 path_url=/auth 
 headers={'User-Agent': 'python-requests/2.23.0', 'Accept-Encoding': 'gzip, deflate', 'Accept': '*/*', 'Connection': 'keep-alive', 'Content-Type': 'application/json', 'Content-Length': '58'} 
 body={"email": "fernanda@ninjapixel.com", "password": "pwd123"} 
 </msg>
<msg timestamp="20200507 23:57:52.092" level="INFO">POST Response : url=http://pixel-api:3333/auth 
 status=200, reason=OK 
 body={
    "token": "eyJ0eXAiOiJKV1QiLCJhbGciOiJIUzI1NiJ9.eyJpZCI6MSwiZXhwaXJlIjoiMjAyMC0wNS0wOFQwMzowMjo1Mi4wOTArMDA6MDAifQ.9_Mu1OXv4vc9Pe4eJMklA1bgUPQD60hYZHSFC_aaGJE",
    "expire": "2020-05-08T03:02:52.090+00:00",
    "userId": 1
} 
 </msg>
<msg timestamp="20200507 23:57:52.093" level="INFO">${resp} = &lt;Response [200]&gt;</msg>
<status status="PASS" starttime="20200507 23:57:52.002" endtime="20200507 23:57:52.093"></status>
</kw>
<msg timestamp="20200507 23:57:52.093" level="INFO">${resp} = &lt;Response [200]&gt;</msg>
<status status="PASS" starttime="20200507 23:57:51.999" endtime="20200507 23:57:52.093"></status>
</kw>
<kw name="Convert To String" library="BuiltIn">
<doc>Converts the given item to a Unicode string.</doc>
<arguments>
<arg>${resp.json()['token']}</arg>
</arguments>
<assign>
<var>${token}</var>
</assign>
<msg timestamp="20200507 23:57:52.094" level="INFO">${token} = eyJ0eXAiOiJKV1QiLCJhbGciOiJIUzI1NiJ9.eyJpZCI6MSwiZXhwaXJlIjoiMjAyMC0wNS0wOFQwMzowMjo1Mi4wOTArMDA6MDAifQ.9_Mu1OXv4vc9Pe4eJMklA1bgUPQD60hYZHSFC_aaGJE</msg>
<status status="PASS" starttime="20200507 23:57:52.093" endtime="20200507 23:57:52.094"></status>
</kw>
<msg timestamp="20200507 23:57:52.094" level="INFO">${token} = eyJ0eXAiOiJKV1QiLCJhbGciOiJIUzI1NiJ9.eyJpZCI6MSwiZXhwaXJlIjoiMjAyMC0wNS0wOFQwMzowMjo1Mi4wOTArMDA6MDAifQ.9_Mu1OXv4vc9Pe4eJMklA1bgUPQD60hYZHSFC_aaGJE</msg>
<status status="PASS" starttime="20200507 23:57:51.999" endtime="20200507 23:57:52.094"></status>
</kw>
<kw name="Get Json" library="services">
<arguments>
<arg>no_cat.json</arg>
</arguments>
<assign>
<var>${payload}</var>
</assign>
<kw name="Get File" library="OperatingSystem">
<doc>Returns the contents of a specified file.</doc>
<arguments>
<arg>${EXECDIR}/resources/fixtures/${json_file}</arg>
</arguments>
<assign>
<var>${file}</var>
</assign>
<msg timestamp="20200507 23:57:52.096" level="INFO" html="yes">Getting file '&lt;a href="file://C:\qaninja\ninjapixel\backend\resources\fixtures\no_cat.json"&gt;C:\qaninja\ninjapixel\backend\resources\fixtures\no_cat.json&lt;/a&gt;'.</msg>
<msg timestamp="20200507 23:57:52.096" level="INFO">${file} = {
    "title": "Donkey Kong",
    "category": "",
    "producers": ["Nintendo", "Rare"], 
    "price": "199.99", 
    "description": "É pura diversão com este clássico de plataforma 2D.",
    "cover":...</msg>
<status status="PASS" starttime="20200507 23:57:52.095" endtime="20200507 23:57:52.096"></status>
</kw>
<kw name="Evaluate" library="BuiltIn">
<doc>Evaluates the given expression in Python and returns the results.</doc>
<arguments>
<arg>json.loads($file)</arg>
<arg>json</arg>
</arguments>
<assign>
<var>${json}</var>
</assign>
<msg timestamp="20200507 23:57:52.098" level="INFO">${json} = {'title': 'Donkey Kong', 'category': '', 'producers': ['Nintendo', 'Rare'], 'price': '199.99', 'description': 'É pura diversão com este clássico de plataforma 2D.', 'cover': 'donkey-kong.jpg'}</msg>
<status status="PASS" starttime="20200507 23:57:52.097" endtime="20200507 23:57:52.098"></status>
</kw>
<msg timestamp="20200507 23:57:52.098" level="INFO">${payload} = {'title': 'Donkey Kong', 'category': '', 'producers': ['Nintendo', 'Rare'], 'price': '199.99', 'description': 'É pura diversão com este clássico de plataforma 2D.', 'cover': 'donkey-kong.jpg'}</msg>
<status status="PASS" starttime="20200507 23:57:52.095" endtime="20200507 23:57:52.098"></status>
</kw>
<kw name="Post Product" library="services">
<arguments>
<arg>${payload}</arg>
<arg>${token}</arg>
</arguments>
<assign>
<var>${resp}</var>
</assign>
<kw name="Remove Product By Title" library="db">
<arguments>
<arg>${payload['title']}</arg>
</arguments>
<status status="PASS" starttime="20200507 23:57:52.099" endtime="20200507 23:57:52.150"></status>
</kw>
<kw name="Create Dictionary" library="BuiltIn">
<doc>Creates and returns a dictionary based on the given ``items``.</doc>
<arguments>
<arg>Content-Type=application/json</arg>
<arg>Authorization=JWT ${token}</arg>
</arguments>
<assign>
<var>&amp;{headers}</var>
</assign>
<msg timestamp="20200507 23:57:52.151" level="INFO">&amp;{headers} = { Content-Type=application/json | Authorization=JWT eyJ0eXAiOiJKV1QiLCJhbGciOiJIUzI1NiJ9.eyJpZCI6MSwiZXhwaXJlIjoiMjAyMC0wNS0wOFQwMzowMjo1Mi4wOTArMDA6MDAifQ.9_Mu1OXv4vc9Pe4eJMklA1bgUPQD60hYZHSFC_aaGJE ...</msg>
<status status="PASS" starttime="20200507 23:57:52.150" endtime="20200507 23:57:52.151"></status>
</kw>
<kw name="Post Request" library="RequestsLibrary">
<doc>Send a POST request on the session object found using the
given `alias`</doc>
<arguments>
<arg>pixel</arg>
<arg>/products</arg>
<arg>data=${payload}</arg>
<arg>headers=${headers}</arg>
</arguments>
<assign>
<var>${resp}</var>
</assign>
<msg timestamp="20200507 23:57:52.186" level="INFO">POST Request : url=http://pixel-api:3333/products 
 path_url=/products 
 headers={'User-Agent': 'python-requests/2.23.0', 'Accept-Encoding': 'gzip, deflate', 'Accept': '*/*', 'Connection': 'keep-alive', 'Content-Type': 'application/json', 'Authorization': 'JWT eyJ0eXAiOiJKV1QiLCJhbGciOiJIUzI1NiJ9.eyJpZCI6MSwiZXhwaXJlIjoiMjAyMC0wNS0wOFQwMzowMjo1Mi4wOTArMDA6MDAifQ.9_Mu1OXv4vc9Pe4eJMklA1bgUPQD60hYZHSFC_aaGJE', 'Content-Length': '207'} 
 body={"title": "Donkey Kong", "category": "", "producers": ["Nintendo", "Rare"], "price": "199.99", "description": "\u00c9 pura divers\u00e3o com este cl\u00e1ssico de plataforma 2D.", "cover": "donkey-kong.jpg"} 
 </msg>
<msg timestamp="20200507 23:57:52.186" level="INFO">POST Response : url=http://pixel-api:3333/products 
 status=400, reason=Bad Request 
 body={
    "msg": "Oops! category cannot be empty"
} 
 </msg>
<msg timestamp="20200507 23:57:52.187" level="INFO">${resp} = &lt;Response [400]&gt;</msg>
<status status="PASS" starttime="20200507 23:57:52.151" endtime="20200507 23:57:52.187"></status>
</kw>
<msg timestamp="20200507 23:57:52.187" level="INFO">${resp} = &lt;Response [400]&gt;</msg>
<status status="PASS" starttime="20200507 23:57:52.098" endtime="20200507 23:57:52.187"></status>
</kw>
<kw name="Status Should Be" library="RequestsLibrary">
<doc>Fails if response status code is different than the expected.</doc>
<arguments>
<arg>400</arg>
<arg>${resp}</arg>
</arguments>
<status status="PASS" starttime="20200507 23:57:52.188" endtime="20200507 23:57:52.188"></status>
</kw>
<kw name="Should Be Equal" library="BuiltIn">
<doc>Fails if the given objects are unequal.</doc>
<arguments>
<arg>${resp.json()['msg']}</arg>
<arg>Oops! category cannot be empty</arg>
</arguments>
<status status="PASS" starttime="20200507 23:57:52.189" endtime="20200507 23:57:52.189"></status>
</kw>
<tags>
<tag>bad_request</tag>
</tags>
<status status="PASS" starttime="20200507 23:57:51.998" endtime="20200507 23:57:52.190" critical="yes"></status>
</test>
<test id="s1-s2-s3-t5" name="Required price">
<kw name="Get Auth Token" library="services">
<arguments>
<arg>${USER_AUTH}</arg>
<arg>${PASSWORD_AUTH}</arg>
</arguments>
<assign>
<var>${token}</var>
</assign>
<kw name="Post Token" library="services">
<arguments>
<arg>${email}</arg>
<arg>${pass}</arg>
</arguments>
<assign>
<var>${resp}</var>
</assign>
<kw name="Create Session" library="RequestsLibrary">
<doc>Create Session: create a HTTP session to a server</doc>
<arguments>
<arg>pixel</arg>
<arg>http://pixel-api:3333</arg>
</arguments>
<msg timestamp="20200507 23:57:52.193" level="INFO">Creating Session using : alias=pixel, url=http://pixel-api:3333, headers={},                     cookies={}, auth=None, timeout=None, proxies=None, verify=False,                     debug=0 </msg>
<status status="PASS" starttime="20200507 23:57:52.193" endtime="20200507 23:57:52.194"></status>
</kw>
<kw name="Create Dictionary" library="BuiltIn">
<doc>Creates and returns a dictionary based on the given ``items``.</doc>
<arguments>
<arg>email=${email}</arg>
<arg>password=${pass}</arg>
</arguments>
<assign>
<var>&amp;{payload}</var>
</assign>
<msg timestamp="20200507 23:57:52.194" level="INFO">&amp;{payload} = { email=fernanda@ninjapixel.com | password=pwd123 }</msg>
<status status="PASS" starttime="20200507 23:57:52.194" endtime="20200507 23:57:52.194"></status>
</kw>
<kw name="Create Dictionary" library="BuiltIn">
<doc>Creates and returns a dictionary based on the given ``items``.</doc>
<arguments>
<arg>Content-Type=application/json</arg>
</arguments>
<assign>
<var>&amp;{headers}</var>
</assign>
<msg timestamp="20200507 23:57:52.195" level="INFO">&amp;{headers} = { Content-Type=application/json }</msg>
<status status="PASS" starttime="20200507 23:57:52.195" endtime="20200507 23:57:52.195"></status>
</kw>
<kw name="Post Request" library="RequestsLibrary">
<doc>Send a POST request on the session object found using the
given `alias`</doc>
<arguments>
<arg>pixel</arg>
<arg>/auth</arg>
<arg>data=${payload}</arg>
<arg>headers=${headers}</arg>
</arguments>
<assign>
<var>${resp}</var>
</assign>
<msg timestamp="20200507 23:57:52.286" level="INFO">POST Request : url=http://pixel-api:3333/auth 
 path_url=/auth 
 headers={'User-Agent': 'python-requests/2.23.0', 'Accept-Encoding': 'gzip, deflate', 'Accept': '*/*', 'Connection': 'keep-alive', 'Content-Type': 'application/json', 'Content-Length': '58'} 
 body={"email": "fernanda@ninjapixel.com", "password": "pwd123"} 
 </msg>
<msg timestamp="20200507 23:57:52.286" level="INFO">POST Response : url=http://pixel-api:3333/auth 
 status=200, reason=OK 
 body={
    "token": "eyJ0eXAiOiJKV1QiLCJhbGciOiJIUzI1NiJ9.eyJpZCI6MSwiZXhwaXJlIjoiMjAyMC0wNS0wOFQwMzowMjo1Mi4yODMrMDA6MDAifQ.mcTMIAXrlnIPfvqLGOxfof3M8l2JU7L2VV0EHQpszbo",
    "expire": "2020-05-08T03:02:52.283+00:00",
    "userId": 1
} 
 </msg>
<msg timestamp="20200507 23:57:52.287" level="INFO">${resp} = &lt;Response [200]&gt;</msg>
<status status="PASS" starttime="20200507 23:57:52.195" endtime="20200507 23:57:52.287"></status>
</kw>
<msg timestamp="20200507 23:57:52.287" level="INFO">${resp} = &lt;Response [200]&gt;</msg>
<status status="PASS" starttime="20200507 23:57:52.192" endtime="20200507 23:57:52.287"></status>
</kw>
<kw name="Convert To String" library="BuiltIn">
<doc>Converts the given item to a Unicode string.</doc>
<arguments>
<arg>${resp.json()['token']}</arg>
</arguments>
<assign>
<var>${token}</var>
</assign>
<msg timestamp="20200507 23:57:52.288" level="INFO">${token} = eyJ0eXAiOiJKV1QiLCJhbGciOiJIUzI1NiJ9.eyJpZCI6MSwiZXhwaXJlIjoiMjAyMC0wNS0wOFQwMzowMjo1Mi4yODMrMDA6MDAifQ.mcTMIAXrlnIPfvqLGOxfof3M8l2JU7L2VV0EHQpszbo</msg>
<status status="PASS" starttime="20200507 23:57:52.287" endtime="20200507 23:57:52.288"></status>
</kw>
<msg timestamp="20200507 23:57:52.288" level="INFO">${token} = eyJ0eXAiOiJKV1QiLCJhbGciOiJIUzI1NiJ9.eyJpZCI6MSwiZXhwaXJlIjoiMjAyMC0wNS0wOFQwMzowMjo1Mi4yODMrMDA6MDAifQ.mcTMIAXrlnIPfvqLGOxfof3M8l2JU7L2VV0EHQpszbo</msg>
<status status="PASS" starttime="20200507 23:57:52.192" endtime="20200507 23:57:52.288"></status>
</kw>
<kw name="Get Json" library="services">
<arguments>
<arg>no_price.json</arg>
</arguments>
<assign>
<var>${payload}</var>
</assign>
<kw name="Get File" library="OperatingSystem">
<doc>Returns the contents of a specified file.</doc>
<arguments>
<arg>${EXECDIR}/resources/fixtures/${json_file}</arg>
</arguments>
<assign>
<var>${file}</var>
</assign>
<msg timestamp="20200507 23:57:52.290" level="INFO" html="yes">Getting file '&lt;a href="file://C:\qaninja\ninjapixel\backend\resources\fixtures\no_price.json"&gt;C:\qaninja\ninjapixel\backend\resources\fixtures\no_price.json&lt;/a&gt;'.</msg>
<msg timestamp="20200507 23:57:52.290" level="INFO">${file} = {
    "title": "Donkey Kong",
    "category": "Super Nintendo",
    "producers": ["Nintendo", "Rare"], 
    "price": "", 
    "description": "É pura diversão com este clássico de plataforma 2D.",
    ...</msg>
<status status="PASS" starttime="20200507 23:57:52.289" endtime="20200507 23:57:52.290"></status>
</kw>
<kw name="Evaluate" library="BuiltIn">
<doc>Evaluates the given expression in Python and returns the results.</doc>
<arguments>
<arg>json.loads($file)</arg>
<arg>json</arg>
</arguments>
<assign>
<var>${json}</var>
</assign>
<msg timestamp="20200507 23:57:52.291" level="INFO">${json} = {'title': 'Donkey Kong', 'category': 'Super Nintendo', 'producers': ['Nintendo', 'Rare'], 'price': '', 'description': 'É pura diversão com este clássico de plataforma 2D.', 'cover': 'donkey-kong.jpg'}</msg>
<status status="PASS" starttime="20200507 23:57:52.290" endtime="20200507 23:57:52.291"></status>
</kw>
<msg timestamp="20200507 23:57:52.292" level="INFO">${payload} = {'title': 'Donkey Kong', 'category': 'Super Nintendo', 'producers': ['Nintendo', 'Rare'], 'price': '', 'description': 'É pura diversão com este clássico de plataforma 2D.', 'cover': 'donkey-kong.jpg'}</msg>
<status status="PASS" starttime="20200507 23:57:52.289" endtime="20200507 23:57:52.292"></status>
</kw>
<kw name="Post Product" library="services">
<arguments>
<arg>${payload}</arg>
<arg>${token}</arg>
</arguments>
<assign>
<var>${resp}</var>
</assign>
<kw name="Remove Product By Title" library="db">
<arguments>
<arg>${payload['title']}</arg>
</arguments>
<status status="PASS" starttime="20200507 23:57:52.293" endtime="20200507 23:57:52.314"></status>
</kw>
<kw name="Create Dictionary" library="BuiltIn">
<doc>Creates and returns a dictionary based on the given ``items``.</doc>
<arguments>
<arg>Content-Type=application/json</arg>
<arg>Authorization=JWT ${token}</arg>
</arguments>
<assign>
<var>&amp;{headers}</var>
</assign>
<msg timestamp="20200507 23:57:52.315" level="INFO">&amp;{headers} = { Content-Type=application/json | Authorization=JWT eyJ0eXAiOiJKV1QiLCJhbGciOiJIUzI1NiJ9.eyJpZCI6MSwiZXhwaXJlIjoiMjAyMC0wNS0wOFQwMzowMjo1Mi4yODMrMDA6MDAifQ.mcTMIAXrlnIPfvqLGOxfof3M8l2JU7L2VV0EHQpszbo ...</msg>
<status status="PASS" starttime="20200507 23:57:52.315" endtime="20200507 23:57:52.315"></status>
</kw>
<kw name="Post Request" library="RequestsLibrary">
<doc>Send a POST request on the session object found using the
given `alias`</doc>
<arguments>
<arg>pixel</arg>
<arg>/products</arg>
<arg>data=${payload}</arg>
<arg>headers=${headers}</arg>
</arguments>
<assign>
<var>${resp}</var>
</assign>
<msg timestamp="20200507 23:57:52.337" level="INFO">POST Request : url=http://pixel-api:3333/products 
 path_url=/products 
 headers={'User-Agent': 'python-requests/2.23.0', 'Accept-Encoding': 'gzip, deflate', 'Accept': '*/*', 'Connection': 'keep-alive', 'Content-Type': 'application/json', 'Authorization': 'JWT eyJ0eXAiOiJKV1QiLCJhbGciOiJIUzI1NiJ9.eyJpZCI6MSwiZXhwaXJlIjoiMjAyMC0wNS0wOFQwMzowMjo1Mi4yODMrMDA6MDAifQ.mcTMIAXrlnIPfvqLGOxfof3M8l2JU7L2VV0EHQpszbo', 'Content-Length': '215'} 
 body={"title": "Donkey Kong", "category": "Super Nintendo", "producers": ["Nintendo", "Rare"], "price": "", "description": "\u00c9 pura divers\u00e3o com este cl\u00e1ssico de plataforma 2D.", "cover": "donkey-kong.jpg"} 
 </msg>
<msg timestamp="20200507 23:57:52.337" level="INFO">POST Response : url=http://pixel-api:3333/products 
 status=400, reason=Bad Request 
 body={
    "msg": "Oops! price cannot be empty"
} 
 </msg>
<msg timestamp="20200507 23:57:52.337" level="INFO">${resp} = &lt;Response [400]&gt;</msg>
<status status="PASS" starttime="20200507 23:57:52.315" endtime="20200507 23:57:52.337"></status>
</kw>
<msg timestamp="20200507 23:57:52.337" level="INFO">${resp} = &lt;Response [400]&gt;</msg>
<status status="PASS" starttime="20200507 23:57:52.292" endtime="20200507 23:57:52.337"></status>
</kw>
<kw name="Status Should Be" library="RequestsLibrary">
<doc>Fails if response status code is different than the expected.</doc>
<arguments>
<arg>400</arg>
<arg>${resp}</arg>
</arguments>
<status status="PASS" starttime="20200507 23:57:52.337" endtime="20200507 23:57:52.338"></status>
</kw>
<kw name="Should Be Equal" library="BuiltIn">
<doc>Fails if the given objects are unequal.</doc>
<arguments>
<arg>${resp.json()['msg']}</arg>
<arg>Oops! price cannot be empty</arg>
</arguments>
<status status="PASS" starttime="20200507 23:57:52.338" endtime="20200507 23:57:52.339"></status>
</kw>
<tags>
<tag>bad_request</tag>
</tags>
<status status="PASS" starttime="20200507 23:57:52.191" endtime="20200507 23:57:52.339" critical="yes"></status>
</test>
<doc>Pixel Api POST /products</doc>
<status status="PASS" starttime="20200507 23:57:51.558" endtime="20200507 23:57:52.341"></status>
</suite>
<status status="FAIL" starttime="20200507 23:57:51.148" endtime="20200507 23:57:52.344"></status>
</suite>
<status status="FAIL" starttime="20200507 23:57:50.684" endtime="20200507 23:57:52.348"></status>
</suite>
<statistics>
<total>
<stat pass="9" fail="1">Critical Tests</stat>
<stat pass="9" fail="1">All Tests</stat>
</total>
<tag>
<stat pass="3" fail="0">bad_request</stat>
<stat pass="1" fail="0">conflict</stat>
<stat pass="1" fail="0">not_found</stat>
<stat pass="2" fail="1">success</stat>
</tag>
<suite>
<stat pass="9" fail="1" id="s1" name="Tests">Tests</stat>
<stat pass="2" fail="0" id="s1-s1" name="Auth">Tests.Auth</stat>
<stat pass="2" fail="0" id="s1-s1-s1" name="Post Token">Tests.Auth.Post Token</stat>
<stat pass="7" fail="1" id="s1-s2" name="Products">Tests.Products</stat>
<stat pass="0" fail="1" id="s1-s2-s1" name="Delete Product">Tests.Products.Delete Product</stat>
<stat pass="2" fail="0" id="s1-s2-s2" name="Get Product">Tests.Products.Get Product</stat>
<stat pass="5" fail="0" id="s1-s2-s3" name="Post Product">Tests.Products.Post Product</stat>
</suite>
</statistics>
<errors>
</errors>
</robot>
